<?xml version="1.0" encoding="UTF-8"?>
<!-- Generated by org.testng.reporters.JUnitXMLReporter -->
<testsuite ignored="0" hostname="VijayKumar" failures="0" tests="3" name="Submit Order Test" time="26.784" errors="0" timestamp="2024-01-14T11:33:26 IST">
  <testcase classname="VijayKumarSeleniumPractice.Tests.SubmitOrderTest" name="submitOrder" time="3.693"/>
  <testcase classname="VijayKumarSeleniumPractice.Tests.SubmitOrderTest" name="submitOrder" time="4.369"/>
  <testcase classname="VijayKumarSeleniumPractice.Tests.SubmitOrderTest" name="orderHistoryTest" time="0.657"/>
</testsuite> <!-- Submit Order Test -->
